[01m[K/home/accname/programming/ROS/octomap_editing/catkin_ws/src/octomap_editing/src/OEMarkerFactory.cpp:12:51:[m[K [01;31m[Kerror: [m[K'[01m[Kvisualization_msgs::Marker octomap_editing::OEMarkerFactory::makeMarker[m[K' is not a static data member of '[01m[Kclass octomap_editing::OEMarkerFactory[m[K'
   OEMarkerFactory::makeMarker(visualization_msgs::[01;31m[KMarker_[m[K type, std::string text)
                                                   [01;31m[K^~~~~~~[m[K
[01m[K/home/accname/programming/ROS/octomap_editing/catkin_ws/src/octomap_editing/src/OEMarkerFactory.cpp:12:59:[m[K [01;31m[Kerror: [m[Kmissing template arguments before '[01m[Ktype[m[K'
   OEMarkerFactory::makeMarker(visualization_msgs::Marker_ [01;31m[Ktype[m[K, std::string text)
                                                           [01;31m[K^~~~[m[K
[01m[K/home/accname/programming/ROS/octomap_editing/catkin_ws/src/octomap_editing/src/OEMarkerFactory.cpp:12:77:[m[K [01;31m[Kerror: [m[Kexpected primary-expression before '[01m[Ktext[m[K'
   OEMarkerFactory::makeMarker(visualization_msgs::Marker_ type, std::string [01;31m[Ktext[m[K)
                                                                             [01;31m[K^~~~[m[K
[01m[K/home/accname/programming/ROS/octomap_editing/catkin_ws/src/octomap_editing/src/OEMarkerFactory.cpp:13:3:[m[K [01;31m[Kerror: [m[Kexpected '[01m[K,[m[K' or '[01m[K;[m[K' before '[01m[K{[m[K' token
   [01;31m[K{[m[K
   [01;31m[K^[m[K
make[2]: *** [CMakeFiles/octomap_editing.dir/src/OEMarkerFactory.cpp.o] Error 1
make[1]: *** [CMakeFiles/octomap_editing.dir/all] Error 2
make: *** [all] Error 2
